c:\users\borja\source\repos\fnabla\fsettingwidgetplugin\x64\debug\fsettingwidgetplugin.nativecodeanalysis.sarif
c:\users\borja\source\repos\fnabla\fsettingwidgetplugin\x64\debug\fsettingwidgetplugin.nativecodeanalysis.xml
c:\users\borja\source\repos\fnabla\fsettingwidgetplugin\x64\debug\fsettingwidgetplugin.obj
c:\users\borja\source\repos\fnabla\fsettingwidgetplugin\x64\debug\fsettingwidget.nativecodeanalysis.sarif
c:\users\borja\source\repos\fnabla\fsettingwidgetplugin\x64\debug\fsettingwidget.nativecodeanalysis.xml
c:\users\borja\source\repos\fnabla\fsettingwidgetplugin\x64\debug\fsettingwidget.obj
c:\users\borja\source\repos\fnabla\fsettingwidgetplugin\x64\debug\vc142.pdb
c:\users\borja\source\repos\fnabla\fsettingwidgetplugin\x64\debug\moc_fsettingwidget.nativecodeanalysis.sarif
c:\users\borja\source\repos\fnabla\fsettingwidgetplugin\x64\debug\moc_fsettingwidget.nativecodeanalysis.xml
c:\users\borja\source\repos\fnabla\fsettingwidgetplugin\x64\debug\moc_fsettingwidget.obj
c:\users\borja\source\repos\fnabla\fsettingwidgetplugin\x64\debug\moc_fsettingwidgetplugin.nativecodeanalysis.sarif
c:\users\borja\source\repos\fnabla\fsettingwidgetplugin\x64\debug\moc_fsettingwidgetplugin.nativecodeanalysis.xml
c:\users\borja\source\repos\fnabla\fsettingwidgetplugin\x64\debug\moc_fsettingwidgetplugin.obj
c:\users\borja\source\repos\fnabla\fsettingwidgetplugin\x64\debug\moc\moc_fsettingwidgetplugin.cpp
c:\users\borja\source\repos\fnabla\fsettingwidgetplugin\x64\debug\moc\moc_fsettingwidget.cpp
c:\users\borja\source\repos\fnabla\fsettingwidgetplugin\x64\debug\fcustomwidgetsplugin.lib
c:\users\borja\source\repos\fnabla\fsettingwidgetplugin\x64\debug\fcustomwidgetsplugin.exp
c:\users\borja\source\repos\fnabla\fsettingwidgetplugin\x64\debug\fcustomwidgetsplugin.ilk
c:\users\borja\source\repos\fnabla\fsettingwidgetplugin\x64\debug\fcustomwidgetsplugin.dll
c:\users\borja\source\repos\fnabla\fsettingwidgetplugin\x64\debug\fcustomwidgetsplugin.pdb
c:\users\borja\source\repos\fnabla\fsettingwidgetplugin\x64\debug\vc.nativecodeanalysis.all.xml
c:\users\borja\source\repos\fnabla\fsettingwidgetplugin\x64\debug\fcustomw.8d81975e.tlog\cl.20984.write.1.tlog
c:\users\borja\source\repos\fnabla\fsettingwidgetplugin\x64\debug\fcustomw.8d81975e.tlog\cl.command.1.tlog
c:\users\borja\source\repos\fnabla\fsettingwidgetplugin\x64\debug\fcustomw.8d81975e.tlog\cl.read.1.tlog
c:\users\borja\source\repos\fnabla\fsettingwidgetplugin\x64\debug\fcustomw.8d81975e.tlog\fcustomwidgetsplugin.write.1u.tlog
c:\users\borja\source\repos\fnabla\fsettingwidgetplugin\x64\debug\fcustomw.8d81975e.tlog\link.command.1.tlog
c:\users\borja\source\repos\fnabla\fsettingwidgetplugin\x64\debug\fcustomw.8d81975e.tlog\link.read.1.tlog
c:\users\borja\source\repos\fnabla\fsettingwidgetplugin\x64\debug\fcustomw.8d81975e.tlog\link.write.1.tlog
c:\users\borja\source\repos\fnabla\fsettingwidgetplugin\x64\debug\fcustomw.8d81975e.tlog\moc.read.1u.tlog
c:\users\borja\source\repos\fnabla\fsettingwidgetplugin\x64\debug\fcustomw.8d81975e.tlog\moc.write.1u.tlog
