  Reading Qt configuration (C:\Qt\5.9.9\msvc2017_64\bin\qmake.exe)
  moc fSettingWidgetPlugin.h
  moc ..\fNablaGUI\fSettingWidget.h
  fSettingWidget.cpp
  fSettingWidgetPlugin.cpp
C:\Users\borja\source\repos\fNabla\fNablaGUI\fSettingWidget.cpp(84): warning C4172: returning address of local variable or temporary
  moc_fSettingWidgetPlugin.cpp
  moc_fSettingWidget.cpp
     Creating library x64\Debug\fCustomWidgetsPlugin.lib and object x64\Debug\fCustomWidgetsPlugin.exp
  fSettingWidgetPlugin.vcxproj -> C:\Users\borja\source\repos\fNabla\fSettingWidgetPlugin\x64\Debug\fCustomWidgetsPlugin.dll
C:\Qt\5.9.9\msvc2017_64\include\QtCore\qglobal.h(533): warning C26451: Arithmetic overflow: Using operator '+' on a 4 byte value and then casting the result to a 8 byte value. Cast the value to the wider type before calling operator '+' to avoid overflow (io.2).
C:\Qt\5.9.9\msvc2017_64\include\QtCore\qglobal.h(533): warning C26451: Arithmetic overflow: Using operator '+' on a 4 byte value and then casting the result to a 8 byte value. Cast the value to the wider type before calling operator '+' to avoid overflow (io.2).
C:\Qt\5.9.9\msvc2017_64\include\QtCore\qglobal.h(533): warning C26451: Arithmetic overflow: Using operator '-' on a 4 byte value and then casting the result to a 8 byte value. Cast the value to the wider type before calling operator '-' to avoid overflow (io.2).
C:\Qt\5.9.9\msvc2017_64\include\QtCore\qglobal.h(533): warning C26451: Arithmetic overflow: Using operator '-' on a 4 byte value and then casting the result to a 8 byte value. Cast the value to the wider type before calling operator '-' to avoid overflow (io.2).
C:\Qt\5.9.9\msvc2017_64\include\QtCore\qsysinfo.h(226): warning C26812: The enum type 'QSysInfo::MacVersion' is unscoped. Prefer 'enum class' over 'enum' (Enum.3).
C:\Qt\5.9.9\msvc2017_64\include\QtCore\qnamespace.h(1670): warning C26812: The enum type 'Qt::ScrollBarPolicy' is unscoped. Prefer 'enum class' over 'enum' (Enum.3).
C:\Qt\5.9.9\msvc2017_64\include\QtCore\qnamespace.h(1671): warning C26812: The enum type 'Qt::FocusPolicy' is unscoped. Prefer 'enum class' over 'enum' (Enum.3).
C:\Qt\5.9.9\msvc2017_64\include\QtCore\qnamespace.h(1672): warning C26812: The enum type 'Qt::ContextMenuPolicy' is unscoped. Prefer 'enum class' over 'enum' (Enum.3).
C:\Qt\5.9.9\msvc2017_64\include\QtCore\qnamespace.h(1673): warning C26812: The enum type 'Qt::ArrowType' is unscoped. Prefer 'enum class' over 'enum' (Enum.3).
C:\Qt\5.9.9\msvc2017_64\include\QtCore\qnamespace.h(1674): warning C26812: The enum type 'Qt::ToolButtonStyle' is unscoped. Prefer 'enum class' over 'enum' (Enum.3).
C:\Qt\5.9.9\msvc2017_64\include\QtCore\qnamespace.h(1675): warning C26812: The enum type 'Qt::PenStyle' is unscoped. Prefer 'enum class' over 'enum' (Enum.3).
C:\Qt\5.9.9\msvc2017_64\include\QtCore\qnamespace.h(1676): warning C26812: The enum type 'Qt::PenCapStyle' is unscoped. Prefer 'enum class' over 'enum' (Enum.3).
C:\Qt\5.9.9\msvc2017_64\include\QtCore\qnamespace.h(1677): warning C26812: The enum type 'Qt::PenJoinStyle' is unscoped. Prefer 'enum class' over 'enum' (Enum.3).
C:\Qt\5.9.9\msvc2017_64\include\QtCore\qnamespace.h(1678): warning C26812: The enum type 'Qt::BrushStyle' is unscoped. Prefer 'enum class' over 'enum' (Enum.3).
C:\Qt\5.9.9\msvc2017_64\include\QtCore\qnamespace.h(1679): warning C26812: The enum type 'Qt::FillRule' is unscoped. Prefer 'enum class' over 'enum' (Enum.3).
C:\Qt\5.9.9\msvc2017_64\include\QtCore\qnamespace.h(1680): warning C26812: The enum type 'Qt::MaskMode' is unscoped. Prefer 'enum class' over 'enum' (Enum.3).
C:\Qt\5.9.9\msvc2017_64\include\QtCore\qnamespace.h(1681): warning C26812: The enum type 'Qt::BGMode' is unscoped. Prefer 'enum class' over 'enum' (Enum.3).
C:\Qt\5.9.9\msvc2017_64\include\QtCore\qnamespace.h(1682): warning C26812: The enum type 'Qt::ClipOperation' is unscoped. Prefer 'enum class' over 'enum' (Enum.3).
C:\Qt\5.9.9\msvc2017_64\include\QtCore\qnamespace.h(1683): warning C26812: The enum type 'Qt::SizeMode' is unscoped. Prefer 'enum class' over 'enum' (Enum.3).
C:\Qt\5.9.9\msvc2017_64\include\QtCore\qnamespace.h(1684): warning C26812: The enum type 'Qt::Axis' is unscoped. Prefer 'enum class' over 'enum' (Enum.3).
C:\Qt\5.9.9\msvc2017_64\include\QtCore\qnamespace.h(1685): warning C26812: The enum type 'Qt::Corner' is unscoped. Prefer 'enum class' over 'enum' (Enum.3).
C:\Qt\5.9.9\msvc2017_64\include\QtCore\qnamespace.h(1686): warning C26812: The enum type 'Qt::Edge' is unscoped. Prefer 'enum class' over 'enum' (Enum.3).
C:\Qt\5.9.9\msvc2017_64\include\QtCore\qnamespace.h(1687): warning C26812: The enum type 'Qt::LayoutDirection' is unscoped. Prefer 'enum class' over 'enum' (Enum.3).
C:\Qt\5.9.9\msvc2017_64\include\QtCore\qnamespace.h(1688): warning C26812: The enum type 'Qt::SizeHint' is unscoped. Prefer 'enum class' over 'enum' (Enum.3).
C:\Qt\5.9.9\msvc2017_64\include\QtCore\qnamespace.h(1689): warning C26812: The enum type 'Qt::Orientation' is unscoped. Prefer 'enum class' over 'enum' (Enum.3).
C:\Qt\5.9.9\msvc2017_64\include\QtCore\qnamespace.h(1690): warning C26812: The enum type 'Qt::DropAction' is unscoped. Prefer 'enum class' over 'enum' (Enum.3).
C:\Qt\5.9.9\msvc2017_64\include\QtCore\qnamespace.h(1692): warning C26812: The enum type 'Qt::TextFlag' is unscoped. Prefer 'enum class' over 'enum' (Enum.3).
C:\Qt\5.9.9\msvc2017_64\include\QtCore\qnamespace.h(1698): warning C26812: The enum type 'Qt::DockWidgetArea' is unscoped. Prefer 'enum class' over 'enum' (Enum.3).
C:\Qt\5.9.9\msvc2017_64\include\QtCore\qnamespace.h(1699): warning C26812: The enum type 'Qt::ToolBarArea' is unscoped. Prefer 'enum class' over 'enum' (Enum.3).
C:\Qt\5.9.9\msvc2017_64\include\QtCore\qnamespace.h(1700): warning C26812: The enum type 'Qt::TextFormat' is unscoped. Prefer 'enum class' over 'enum' (Enum.3).
C:\Qt\5.9.9\msvc2017_64\include\QtCore\qnamespace.h(1701): warning C26812: The enum type 'Qt::TextElideMode' is unscoped. Prefer 'enum class' over 'enum' (Enum.3).
C:\Qt\5.9.9\msvc2017_64\include\QtCore\qnamespace.h(1702): warning C26812: The enum type 'Qt::DateFormat' is unscoped. Prefer 'enum class' over 'enum' (Enum.3).
C:\Qt\5.9.9\msvc2017_64\include\QtCore\qnamespace.h(1703): warning C26812: The enum type 'Qt::TimeSpec' is unscoped. Prefer 'enum class' over 'enum' (Enum.3).
C:\Qt\5.9.9\msvc2017_64\include\QtCore\qnamespace.h(1704): warning C26812: The enum type 'Qt::DayOfWeek' is unscoped. Prefer 'enum class' over 'enum' (Enum.3).
C:\Qt\5.9.9\msvc2017_64\include\QtCore\qnamespace.h(1705): warning C26812: The enum type 'Qt::CursorShape' is unscoped. Prefer 'enum class' over 'enum' (Enum.3).
C:\Qt\5.9.9\msvc2017_64\include\QtCore\qnamespace.h(1706): warning C26812: The enum type 'Qt::GlobalColor' is unscoped. Prefer 'enum class' over 'enum' (Enum.3).
C:\Qt\5.9.9\msvc2017_64\include\QtCore\qnamespace.h(1707): warning C26812: The enum type 'Qt::AspectRatioMode' is unscoped. Prefer 'enum class' over 'enum' (Enum.3).
C:\Qt\5.9.9\msvc2017_64\include\QtCore\qnamespace.h(1708): warning C26812: The enum type 'Qt::TransformationMode' is unscoped. Prefer 'enum class' over 'enum' (Enum.3).
C:\Qt\5.9.9\msvc2017_64\include\QtCore\qnamespace.h(1710): warning C26812: The enum type 'Qt::Key' is unscoped. Prefer 'enum class' over 'enum' (Enum.3).
C:\Qt\5.9.9\msvc2017_64\include\QtCore\qnamespace.h(1711): warning C26812: The enum type 'Qt::ShortcutContext' is unscoped. Prefer 'enum class' over 'enum' (Enum.3).
C:\Qt\5.9.9\msvc2017_64\include\QtCore\qnamespace.h(1712): warning C26812: The enum type 'Qt::TextInteractionFlag' is unscoped. Prefer 'enum class' over 'enum' (Enum.3).
C:\Qt\5.9.9\msvc2017_64\include\QtCore\qnamespace.h(1714): warning C26812: The enum type 'Qt::ItemSelectionMode' is unscoped. Prefer 'enum class' over 'enum' (Enum.3).
C:\Qt\5.9.9\msvc2017_64\include\QtCore\qnamespace.h(1715): warning C26812: The enum type 'Qt::ItemSelectionOperation' is unscoped. Prefer 'enum class' over 'enum' (Enum.3).
C:\Qt\5.9.9\msvc2017_64\include\QtCore\qnamespace.h(1717): warning C26812: The enum type 'Qt::CheckState' is unscoped. Prefer 'enum class' over 'enum' (Enum.3).
C:\Qt\5.9.9\msvc2017_64\include\QtCore\qnamespace.h(1718): warning C26812: The enum type 'Qt::ItemDataRole' is unscoped. Prefer 'enum class' over 'enum' (Enum.3).
C:\Qt\5.9.9\msvc2017_64\include\QtCore\qnamespace.h(1719): warning C26812: The enum type 'Qt::SortOrder' is unscoped. Prefer 'enum class' over 'enum' (Enum.3).
C:\Qt\5.9.9\msvc2017_64\include\QtCore\qnamespace.h(1720): warning C26812: The enum type 'Qt::CaseSensitivity' is unscoped. Prefer 'enum class' over 'enum' (Enum.3).
C:\Qt\5.9.9\msvc2017_64\include\QtCore\qnamespace.h(1724): warning C26812: The enum type 'Qt::WindowType' is unscoped. Prefer 'enum class' over 'enum' (Enum.3).
C:\Qt\5.9.9\msvc2017_64\include\QtCore\qnamespace.h(1725): warning C26812: The enum type 'Qt::WindowState' is unscoped. Prefer 'enum class' over 'enum' (Enum.3).
C:\Qt\5.9.9\msvc2017_64\include\QtCore\qnamespace.h(1726): warning C26812: The enum type 'Qt::WindowModality' is unscoped. Prefer 'enum class' over 'enum' (Enum.3).
C:\Qt\5.9.9\msvc2017_64\include\QtCore\qnamespace.h(1727): warning C26812: The enum type 'Qt::WidgetAttribute' is unscoped. Prefer 'enum class' over 'enum' (Enum.3).
C:\Qt\5.9.9\msvc2017_64\include\QtCore\qnamespace.h(1728): warning C26812: The enum type 'Qt::ApplicationAttribute' is unscoped. Prefer 'enum class' over 'enum' (Enum.3).
C:\Qt\5.9.9\msvc2017_64\include\QtCore\qnamespace.h(1731): warning C26812: The enum type 'Qt::FocusReason' is unscoped. Prefer 'enum class' over 'enum' (Enum.3).
C:\Qt\5.9.9\msvc2017_64\include\QtCore\qnamespace.h(1732): warning C26812: The enum type 'Qt::InputMethodHint' is unscoped. Prefer 'enum class' over 'enum' (Enum.3).
C:\Qt\5.9.9\msvc2017_64\include\QtCore\qnamespace.h(1733): warning C26812: The enum type 'Qt::InputMethodQuery' is unscoped. Prefer 'enum class' over 'enum' (Enum.3).
C:\Qt\5.9.9\msvc2017_64\include\QtCore\qnamespace.h(1735): warning C26812: The enum type 'Qt::EnterKeyType' is unscoped. Prefer 'enum class' over 'enum' (Enum.3).
C:\Qt\5.9.9\msvc2017_64\include\QtCore\qnamespace.h(1738): warning C26812: The enum type 'Qt::ScreenOrientation' is unscoped. Prefer 'enum class' over 'enum' (Enum.3).
C:\Qt\5.9.9\msvc2017_64\include\QtCore\qnamespace.h(1740): warning C26812: The enum type 'Qt::ConnectionType' is unscoped. Prefer 'enum class' over 'enum' (Enum.3).
C:\Qt\5.9.9\msvc2017_64\include\QtCore\qnamespace.h(1741): warning C26812: The enum type 'Qt::ApplicationState' is unscoped. Prefer 'enum class' over 'enum' (Enum.3).
C:\Qt\5.9.9\msvc2017_64\include\QtCore\qnamespace.h(1743): warning C26812: The enum type 'Qt::GestureState' is unscoped. Prefer 'enum class' over 'enum' (Enum.3).
C:\Qt\5.9.9\msvc2017_64\include\QtCore\qnamespace.h(1744): warning C26812: The enum type 'Qt::GestureType' is unscoped. Prefer 'enum class' over 'enum' (Enum.3).
C:\Qt\5.9.9\msvc2017_64\include\QtCore\qnamespace.h(1745): warning C26812: The enum type 'Qt::NativeGestureType' is unscoped. Prefer 'enum class' over 'enum' (Enum.3).
C:\Qt\5.9.9\msvc2017_64\include\QtCore\qnamespace.h(1747): warning C26812: The enum type 'Qt::CursorMoveStyle' is unscoped. Prefer 'enum class' over 'enum' (Enum.3).
C:\Qt\5.9.9\msvc2017_64\include\QtCore\qnamespace.h(1748): warning C26812: The enum type 'Qt::TimerType' is unscoped. Prefer 'enum class' over 'enum' (Enum.3).
C:\Qt\5.9.9\msvc2017_64\include\QtCore\qnamespace.h(1749): warning C26812: The enum type 'Qt::ScrollPhase' is unscoped. Prefer 'enum class' over 'enum' (Enum.3).
C:\Qt\5.9.9\msvc2017_64\include\QtCore\qnamespace.h(1750): warning C26812: The enum type 'Qt::MouseEventSource' is unscoped. Prefer 'enum class' over 'enum' (Enum.3).
C:\Qt\5.9.9\msvc2017_64\include\QtCore\qnamespace.h(1751): warning C26812: The enum type 'Qt::MouseEventFlag' is unscoped. Prefer 'enum class' over 'enum' (Enum.3).
C:\Qt\5.9.9\msvc2017_64\include\QtCore\qnamespace.h(1752): warning C26812: The enum type 'Qt::ChecksumType' is unscoped. Prefer 'enum class' over 'enum' (Enum.3).
C:\Qt\5.9.9\msvc2017_64\include\QtCore\qnamespace.h(1753): warning C26812: The enum type 'Qt::TabFocusBehavior' is unscoped. Prefer 'enum class' over 'enum' (Enum.3).
C:\Qt\5.9.9\msvc2017_64\include\QtCore\qnamespace.h(1764): warning C26812: The enum type 'Qt::MouseButton' is unscoped. Prefer 'enum class' over 'enum' (Enum.3).
C:\Qt\5.9.9\msvc2017_64\include\QtCore\qnamespace.h(1766): warning C26812: The enum type 'Qt::KeyboardModifier' is unscoped. Prefer 'enum class' over 'enum' (Enum.3).
C:\Qt\5.9.9\msvc2017_64\include\QtCore\qnamespace.h(1768): warning C26812: The enum type 'Qt::AlignmentFlag' is unscoped. Prefer 'enum class' over 'enum' (Enum.3).
C:\Qt\5.9.9\msvc2017_64\include\QtCore\qnamespace.h(1770): warning C26812: The enum type 'Qt::ImageConversionFlag' is unscoped. Prefer 'enum class' over 'enum' (Enum.3).
C:\Qt\5.9.9\msvc2017_64\include\QtCore\qnamespace.h(1776): warning C26812: The enum type 'Qt::ItemFlag' is unscoped. Prefer 'enum class' over 'enum' (Enum.3).
C:\Qt\5.9.9\msvc2017_64\include\QtCore\qnamespace.h(1777): warning C26812: The enum type 'Qt::MatchFlag' is unscoped. Prefer 'enum class' over 'enum' (Enum.3).
C:\Qt\5.9.9\msvc2017_64\include\QtCore\qnamespace.h(1781): warning C26812: The enum type 'Qt::TouchPointState' is unscoped. Prefer 'enum class' over 'enum' (Enum.3).
C:\Qt\5.9.9\msvc2017_64\include\QtCore\qnamespace.h(1784): warning C26812: The enum type 'Qt::GestureFlag' is unscoped. Prefer 'enum class' over 'enum' (Enum.3).
C:\Qt\5.9.9\msvc2017_64\include\QtCore\qobjectdefs.h(531): warning C26439: This kind of function may not throw. Declare it 'noexcept' (f.6).
C:\Qt\5.9.9\msvc2017_64\include\QtCore\qobjectdefs.h(532): warning C26439: This kind of function may not throw. Declare it 'noexcept' (f.6).
C:\Qt\5.9.9\msvc2017_64\include\QtCore\qchar.h(87): warning C26812: The enum type 'QChar::SpecialCharacter' is unscoped. Prefer 'enum class' over 'enum' (Enum.3).
C:\Qt\5.9.9\msvc2017_64\include\QtCore\qchar.h(387): warning C26812: The enum type 'QChar::Category' is unscoped. Prefer 'enum class' over 'enum' (Enum.3).
C:\Qt\5.9.9\msvc2017_64\include\QtCore\qchar.h(388): warning C26812: The enum type 'QChar::Direction' is unscoped. Prefer 'enum class' over 'enum' (Enum.3).
C:\Qt\5.9.9\msvc2017_64\include\QtCore\qchar.h(389): warning C26812: The enum type 'QChar::JoiningType' is unscoped. Prefer 'enum class' over 'enum' (Enum.3).
C:\Qt\5.9.9\msvc2017_64\include\QtCore\qchar.h(396): warning C26812: The enum type 'QChar::Joining' is unscoped. Prefer 'enum class' over 'enum' (Enum.3).
C:\Qt\5.9.9\msvc2017_64\include\QtCore\qchar.h(410): warning C26812: The enum type 'QChar::Decomposition' is unscoped. Prefer 'enum class' over 'enum' (Enum.3).
C:\Qt\5.9.9\msvc2017_64\include\QtCore\qchar.h(418): warning C26812: The enum type 'QChar::Script' is unscoped. Prefer 'enum class' over 'enum' (Enum.3).
C:\Qt\5.9.9\msvc2017_64\include\QtCore\qchar.h(420): warning C26812: The enum type 'QChar::UnicodeVersion' is unscoped. Prefer 'enum class' over 'enum' (Enum.3).
C:\Qt\5.9.9\msvc2017_64\include\QtCore\qarraydata.h(126): warning C26812: The enum type 'QArrayData::AllocationOption' is unscoped. Prefer 'enum class' over 'enum' (Enum.3).
C:\Qt\5.9.9\msvc2017_64\include\QtCore\qbytearray.h(459): warning C26812: The enum type 'QByteArray::Base64Option' is unscoped. Prefer 'enum class' over 'enum' (Enum.3).
C:\Qt\5.9.9\msvc2017_64\include\QtCore\qstring.h(1367): warning C26812: The enum type 'QString::SectionFlag' is unscoped. Prefer 'enum class' over 'enum' (Enum.3).
C:\Qt\5.9.9\msvc2017_64\include\QtCore\qmetatype.h(674): warning C26812: The enum type 'QMetaType::ExtensionFlag' is unscoped. Prefer 'enum class' over 'enum' (Enum.3).
C:\Qt\5.9.9\msvc2017_64\include\QtCore\qmetatype.h(726): warning C26812: The enum type 'QMetaType::TypeFlag' is unscoped. Prefer 'enum class' over 'enum' (Enum.3).
C:\Qt\5.9.9\msvc2017_64\include\QtGui\qcolor.h(83): warning C26812: The enum type 'QColor::Spec' is unscoped. Prefer 'enum class' over 'enum' (Enum.3).
C:\Qt\5.9.9\msvc2017_64\include\QtCore\qiodevice.h(182): warning C26812: The enum type 'QIODevice::OpenModeFlag' is unscoped. Prefer 'enum class' over 'enum' (Enum.3).
C:\Qt\5.9.9\msvc2017_64\include\QtCore\qdatastream.h(212): warning C26812: The enum type 'QDataStream::Status' is unscoped. Prefer 'enum class' over 'enum' (Enum.3).
C:\Qt\5.9.9\msvc2017_64\include\QtCore\qdatastream.h(332): warning C26812: The enum type 'QDataStream::ByteOrder' is unscoped. Prefer 'enum class' over 'enum' (Enum.3).
C:\Qt\5.9.9\msvc2017_64\include\QtGui\qmatrix.h(60): warning C26495: Variable 'QMatrix::_dy' is uninitialized. Always initialize a member variable (type.6).
C:\Qt\5.9.9\msvc2017_64\include\QtGui\qmatrix.h(70): warning C26495: Variable 'QMatrix::_dy' is uninitialized. Always initialize a member variable (type.6).
C:\Qt\5.9.9\msvc2017_64\include\QtGui\qtransform.h(209): warning C26812: The enum type 'QTransform::TransformationType' is unscoped. Prefer 'enum class' over 'enum' (Enum.3).
C:\Qt\5.9.9\msvc2017_64\include\QtGui\qpixelformat.h(98): warning C26812: The enum type 'QPixelFormat::Field' is unscoped. Prefer 'enum class' over 'enum' (Enum.3).
C:\Qt\5.9.9\msvc2017_64\include\QtGui\qpixelformat.h(178): warning C26812: The enum type 'QPixelFormat::ColorModel' is unscoped. Prefer 'enum class' over 'enum' (Enum.3).
C:\Qt\5.9.9\msvc2017_64\include\QtGui\qpixelformat.h(209): warning C26812: The enum type 'QPixelFormat::AlphaUsage' is unscoped. Prefer 'enum class' over 'enum' (Enum.3).
C:\Qt\5.9.9\msvc2017_64\include\QtGui\qpixelformat.h(210): warning C26812: The enum type 'QPixelFormat::AlphaPosition' is unscoped. Prefer 'enum class' over 'enum' (Enum.3).
C:\Qt\5.9.9\msvc2017_64\include\QtGui\qpixelformat.h(211): warning C26812: The enum type 'QPixelFormat::AlphaPremultiplied' is unscoped. Prefer 'enum class' over 'enum' (Enum.3).
C:\Qt\5.9.9\msvc2017_64\include\QtGui\qpixelformat.h(212): warning C26812: The enum type 'QPixelFormat::TypeInterpretation' is unscoped. Prefer 'enum class' over 'enum' (Enum.3).
C:\Qt\5.9.9\msvc2017_64\include\QtGui\qpixelformat.h(213): warning C26812: The enum type 'QPixelFormat::ByteOrder' is unscoped. Prefer 'enum class' over 'enum' (Enum.3).
C:\Qt\5.9.9\msvc2017_64\include\QtGui\qpixelformat.h(215): warning C26812: The enum type 'QPixelFormat::YUVLayout' is unscoped. Prefer 'enum class' over 'enum' (Enum.3).
C:\Qt\5.9.9\msvc2017_64\include\QtGui\qimage.h(182): warning C26812: The enum type 'QImage::Format' is unscoped. Prefer 'enum class' over 'enum' (Enum.3).
C:\Qt\5.9.9\msvc2017_64\include\QtCore\qsharedpointer_impl.h(154): warning C26495: Variable 'QtSharedPointer::ExternalRefCountData::destroyer' is uninitialized. Always initialize a member variable (type.6).
C:\Qt\5.9.9\msvc2017_64\include\QtGui\qbrush.h(185): warning C26812: The enum type 'QGradient::Type' is unscoped. Prefer 'enum class' over 'enum' (Enum.3).
C:\Qt\5.9.9\msvc2017_64\include\QtGui\qbrush.h(192): warning C26812: The enum type 'QGradient::Spread' is unscoped. Prefer 'enum class' over 'enum' (Enum.3).
C:\Qt\5.9.9\msvc2017_64\include\QtGui\qbrush.h(199): warning C26812: The enum type 'QGradient::CoordinateMode' is unscoped. Prefer 'enum class' over 'enum' (Enum.3).
C:\Qt\5.9.9\msvc2017_64\include\QtGui\qpalette.h(91): warning C26812: The enum type 'QPalette::ColorGroup' is unscoped. Prefer 'enum class' over 'enum' (Enum.3).
C:\Qt\5.9.9\msvc2017_64\include\QtGui\qpalette.h(102): warning C26812: The enum type 'QPalette::ColorRole' is unscoped. Prefer 'enum class' over 'enum' (Enum.3).
C:\Qt\5.9.9\msvc2017_64\include\QtGui\qfont.h(87): warning C26812: The enum type 'QFont::StyleStrategy' is unscoped. Prefer 'enum class' over 'enum' (Enum.3).
C:\Qt\5.9.9\msvc2017_64\include\QtGui\qfont.h(334): warning C26812: The enum type 'QFont::Weight' is unscoped. Prefer 'enum class' over 'enum' (Enum.3).
C:\Qt\5.9.9\msvc2017_64\include\QtGui\qfont.h(342): warning C26812: The enum type 'QFont::Style' is unscoped. Prefer 'enum class' over 'enum' (Enum.3).
C:\Qt\5.9.9\msvc2017_64\include\QtGui\qfontmetrics.h(143): warning C26439: This kind of function may not throw. Declare it 'noexcept' (f.6).
C:\Qt\5.9.9\msvc2017_64\include\QtWidgets\qsizepolicy.h(91): warning C26812: The enum type 'QSizePolicy::Policy' is unscoped. Prefer 'enum class' over 'enum' (Enum.3).
C:\Qt\5.9.9\msvc2017_64\include\QtWidgets\qsizepolicy.h(116): warning C26812: The enum type 'QSizePolicy::ControlType' is unscoped. Prefer 'enum class' over 'enum' (Enum.3).
C:\Qt\5.9.9\msvc2017_64\include\QtGui\qkeysequence.h(149): warning C26812: The enum type 'QKeySequence::StandardKey' is unscoped. Prefer 'enum class' over 'enum' (Enum.3).
C:\Qt\5.9.9\msvc2017_64\include\QtWidgets\qwidget.h(736): warning C26812: The enum type 'QWidget::RenderFlag' is unscoped. Prefer 'enum class' over 'enum' (Enum.3).
C:\Qt\5.9.9\msvc2017_64\include\QtWidgets\qframe.h(83): warning C26812: The enum type 'QFrame::Shape' is unscoped. Prefer 'enum class' over 'enum' (Enum.3).
C:\Qt\5.9.9\msvc2017_64\include\QtWidgets\qframe.h(89): warning C26812: The enum type 'QFrame::Shadow' is unscoped. Prefer 'enum class' over 'enum' (Enum.3).
C:\Qt\5.9.9\msvc2017_64\include\QtCore\qmap.h(96): warning C26812: The enum type 'QMapNodeBase::Color' is unscoped. Prefer 'enum class' over 'enum' (Enum.3).
C:\Qt\5.9.9\msvc2017_64\include\QtCore\qregularexpression.h(158): warning C26812: The enum type 'QRegularExpression::PatternOption' is unscoped. Prefer 'enum class' over 'enum' (Enum.3).
C:\Qt\5.9.9\msvc2017_64\include\QtCore\qregularexpression.h(159): warning C26812: The enum type 'QRegularExpression::MatchOption' is unscoped. Prefer 'enum class' over 'enum' (Enum.3).
C:\Qt\5.9.9\msvc2017_64\include\QtCore\qlocale.h(882): warning C26812: The enum type 'QLocale::Language' is unscoped. Prefer 'enum class' over 'enum' (Enum.3).
C:\Qt\5.9.9\msvc2017_64\include\QtCore\qlocale.h(883): warning C26812: The enum type 'QLocale::Country' is unscoped. Prefer 'enum class' over 'enum' (Enum.3).
C:\Qt\5.9.9\msvc2017_64\include\QtCore\qlocale.h(884): warning C26812: The enum type 'QLocale::Script' is unscoped. Prefer 'enum class' over 'enum' (Enum.3).
C:\Qt\5.9.9\msvc2017_64\include\QtCore\qlocale.h(892): warning C26812: The enum type 'QLocale::MeasurementSystem' is unscoped. Prefer 'enum class' over 'enum' (Enum.3).
C:\Qt\5.9.9\msvc2017_64\include\QtCore\qlocale.h(1064): warning C26812: The enum type 'QLocale::NumberOption' is unscoped. Prefer 'enum class' over 'enum' (Enum.3).
C:\Qt\5.9.9\msvc2017_64\include\QtGui\qvalidator.h(141): warning C26812: The enum type 'QDoubleValidator::Notation' is unscoped. Prefer 'enum class' over 'enum' (Enum.3).
C:\Qt\5.9.9\msvc2017_64\include\QtWidgets\qabstractspinbox.h(81): warning C26812: The enum type 'QAbstractSpinBox::ButtonSymbols' is unscoped. Prefer 'enum class' over 'enum' (Enum.3).
C:\Qt\5.9.9\msvc2017_64\include\QtWidgets\qabstractspinbox.h(87): warning C26812: The enum type 'QAbstractSpinBox::CorrectionMode' is unscoped. Prefer 'enum class' over 'enum' (Enum.3).
C:\Qt\5.9.9\msvc2017_64\include\QtWidgets\qabstractspinbox.h(175): warning C26812: The enum type 'QAbstractSpinBox::StepEnabledFlag' is unscoped. Prefer 'enum class' over 'enum' (Enum.3).
C:\Qt\5.9.9\msvc2017_64\include\QtWidgets\qslider.h(69): warning C26812: The enum type 'QSlider::TickPosition' is unscoped. Prefer 'enum class' over 'enum' (Enum.3).
C:\Qt\5.9.9\msvc2017_64\include\QtWidgets\qlayout.h(78): warning C26812: The enum type 'QLayout::SizeConstraint' is unscoped. Prefer 'enum class' over 'enum' (Enum.3).
C:\Qt\5.9.9\msvc2017_64\include\QtCore\qvariant.h(696): warning C26498: The function 'qMetaTypeId<QPair<QVariant,QVariant> >' is constexpr, mark variable 'vid' constexpr if compile-time evaluation is desired (con.5).
C:\Qt\5.9.9\msvc2017_64\include\QtCore\qmetatype.h(1700): warning C26812: The enum type 'QtPrivate::MetaTypeDefinedHelper<QtMetaTypePrivate::QSequentialIterableImpl,1>::DefinedType' is unscoped. Prefer 'enum class' over 'enum' (Enum.3).
C:\Qt\5.9.9\msvc2017_64\include\QtCore\qmetatype.h(1663): warning C26812: The enum type 'QtPrivate::MetaTypeDefinedHelper<QPair<QVariant,QVariant>,1>::DefinedType' is unscoped. Prefer 'enum class' over 'enum' (Enum.3).
C:\Qt\5.9.9\msvc2017_64\include\QtCore\qmetatype.h(2198): warning C26498: The function 'qMetaTypeId<QtMetaTypePrivate::QPairVariantInterfaceImpl>' is constexpr, mark variable 'toId' constexpr if compile-time evaluation is desired (con.5).
C:\Qt\5.9.9\msvc2017_64\include\QtGui\qicon.h(82): warning C26812: The enum type 'QIcon::Mode' is unscoped. Prefer 'enum class' over 'enum' (Enum.3).
C:\Qt\5.9.9\msvc2017_64\include\QtCore\qjsonvalue.h(85): warning C26812: The enum type 'QJsonValue::Type' is unscoped. Prefer 'enum class' over 'enum' (Enum.3).
C:\Qt\5.9.9\msvc2017_64\include\QtCore\qjsonvalue.h(122): warning C26495: Variable 'QJsonValue::d' is uninitialized. Always initialize a member variable (type.6).
